asap-sorted/asap-sorted/app/build/intermediates/manifest_merge_blame_file/debug/manifest-merger-blame-debug-report.txt
1<?xml version="1.0" encoding="utf-8"?>
2<manifest xmlns:android="http://schemas.android.com/apk/res/android"
3    package="com.sanki.gallery"
4    android:versionCode="1"
5    android:versionName="1.0" >
6
7    <uses-sdk
8        android:minSdkVersion="26"
9        android:targetSdkVersion="35" />
10
11    <!-- Storage permissions -->
12    <uses-permission
12-->src\main\AndroidManifest.xml:6:5-107
13        android:name="android.permission.READ_EXTERNAL_STORAGE"
13-->src\main\AndroidManifest.xml:6:22-77
14        android:maxSdkVersion="32" />
14-->src\main\AndroidManifest.xml:6:78-104
15    <uses-permission
15-->src\main\AndroidManifest.xml:7:5-108
16        android:name="android.permission.WRITE_EXTERNAL_STORAGE"
16-->src\main\AndroidManifest.xml:7:22-78
17        android:maxSdkVersion="29" />
17-->src\main\AndroidManifest.xml:7:79-105
18    <uses-permission android:name="android.permission.MANAGE_EXTERNAL_STORAGE" />
18-->src\main\AndroidManifest.xml:8:5-111
18-->src\main\AndroidManifest.xml:8:22-79
19
20    <!-- ML Kit requires internet for model download (first time only) -->
21    <uses-permission android:name="android.permission.INTERNET" />
21-->src\main\AndroidManifest.xml:11:5-67
21-->src\main\AndroidManifest.xml:11:22-64
22    <uses-permission android:name="android.permission.WAKE_LOCK" />
22-->[androidx.work:work-runtime:2.10.0] AndroidManifest.xml:23:5-68
22-->[androidx.work:work-runtime:2.10.0] AndroidManifest.xml:23:22-65
23    <uses-permission android:name="android.permission.ACCESS_NETWORK_STATE" />
23-->[androidx.work:work-runtime:2.10.0] AndroidManifest.xml:24:5-79
23-->[androidx.work:work-runtime:2.10.0] AndroidManifest.xml:24:22-76
24    <uses-permission android:name="android.permission.RECEIVE_BOOT_COMPLETED" />
24-->[androidx.work:work-runtime:2.10.0] AndroidManifest.xml:25:5-81
24-->[androidx.work:work-runtime:2.10.0] AndroidManifest.xml:25:22-78
25    <uses-permission android:name="android.permission.FOREGROUND_SERVICE" />
25-->[androidx.work:work-runtime:2.10.0] AndroidManifest.xml:26:5-77
25-->[androidx.work:work-runtime:2.10.0] AndroidManifest.xml:26:22-74
26
27    <permission
27-->[androidx.core:core:1.15.0] AndroidManifest.xml:22:5-24:47
28        android:name="com.sanki.gallery.DYNAMIC_RECEIVER_NOT_EXPORTED_PERMISSION"
28-->[androidx.core:core:1.15.0] AndroidManifest.xml:23:9-81
29        android:protectionLevel="signature" />
29-->[androidx.core:core:1.15.0] AndroidManifest.xml:24:9-44
30
31    <uses-permission android:name="com.sanki.gallery.DYNAMIC_RECEIVER_NOT_EXPORTED_PERMISSION" />
31-->[androidx.core:core:1.15.0] AndroidManifest.xml:26:5-97
31-->[androidx.core:core:1.15.0] AndroidManifest.xml:26:22-94
32
33    <application
33-->src\main\AndroidManifest.xml:13:5-40:19
34        android:name="com.sanki.gallery.MyApplication"
34-->src\main\AndroidManifest.xml:14:9-38
35        android:allowBackup="true"
35-->src\main\AndroidManifest.xml:15:9-35
36        android:appComponentFactory="androidx.core.app.CoreComponentFactory"
36-->[androidx.core:core:1.15.0] AndroidManifest.xml:28:18-86
37        android:debuggable="true"
38        android:extractNativeLibs="false"
39        android:label="Gallery Cleaner"
39-->src\main\AndroidManifest.xml:16:9-40
40        android:requestLegacyExternalStorage="true"
40-->src\main\AndroidManifest.xml:18:9-52
41        android:supportsRtl="true"
41-->src\main\AndroidManifest.xml:17:9-35
42        android:theme="@style/Theme.GalleryCleaner" >
42-->src\main\AndroidManifest.xml:19:9-52
43        <activity
43-->src\main\AndroidManifest.xml:20:9-28:20
44            android:name="com.sanki.gallery.MainActivity"
44-->src\main\AndroidManifest.xml:21:13-41
45            android:exported="true"
45-->src\main\AndroidManifest.xml:22:13-36
46            android:windowSoftInputMode="adjustResize" >
46-->src\main\AndroidManifest.xml:23:13-55
47            <intent-filter>
47-->src\main\AndroidManifest.xml:24:13-27:29
48                <action android:name="android.intent.action.MAIN" />
48-->src\main\AndroidManifest.xml:25:17-69
48-->src\main\AndroidManifest.xml:25:25-66
49
50                <category android:name="android.intent.category.LAUNCHER" />
50-->src\main\AndroidManifest.xml:26:17-77
50-->src\main\AndroidManifest.xml:26:27-74
51            </intent-filter>
52        </activity>
53
54        <!-- FileProvider: needed to open files from other apps -->
55        <provider
56            android:name="androidx.core.content.FileProvider"
56-->src\main\AndroidManifest.xml:32:13-62
57            android:authorities="com.sanki.gallery.fileprovider"
57-->src\main\AndroidManifest.xml:33:13-64
58            android:exported="false"
58-->src\main\AndroidManifest.xml:34:13-37
59            android:grantUriPermissions="true" >
59-->src\main\AndroidManifest.xml:35:13-47
60            <meta-data
60-->src\main\AndroidManifest.xml:36:13-38:54
61                android:name="android.support.FILE_PROVIDER_PATHS"
61-->src\main\AndroidManifest.xml:37:17-67
62                android:resource="@xml/file_paths" />
62-->src\main\AndroidManifest.xml:38:17-51
63        </provider>
64
65        <service
65-->[com.google.android.gms:play-services-mlkit-face-detection:17.1.0] AndroidManifest.xml:9:9-15:19
66            android:name="com.google.mlkit.common.internal.MlKitComponentDiscoveryService"
66-->[com.google.android.gms:play-services-mlkit-face-detection:17.1.0] AndroidManifest.xml:10:13-91
67            android:directBootAware="true"
67-->[com.google.mlkit:common:18.11.0] AndroidManifest.xml:17:13-43
68            android:exported="false" >
68-->[com.google.android.gms:play-services-mlkit-face-detection:17.1.0] AndroidManifest.xml:11:13-37
69            <meta-data
69-->[com.google.android.gms:play-services-mlkit-face-detection:17.1.0] AndroidManifest.xml:12:13-14:85
70                android:name="com.google.firebase.components:com.google.mlkit.vision.face.internal.FaceRegistrar"
70-->[com.google.android.gms:play-services-mlkit-face-detection:17.1.0] AndroidManifest.xml:13:17-114
71                android:value="com.google.firebase.components.ComponentRegistrar" />
71-->[com.google.android.gms:play-services-mlkit-face-detection:17.1.0] AndroidManifest.xml:14:17-82
72            <meta-data
72-->[com.google.android.gms:play-services-mlkit-text-recognition-common:19.0.0] AndroidManifest.xml:12:13-14:85
73                android:name="com.google.firebase.components:com.google.mlkit.vision.text.internal.TextRegistrar"
73-->[com.google.android.gms:play-services-mlkit-text-recognition-common:19.0.0] AndroidManifest.xml:13:17-114
74                android:value="com.google.firebase.components.ComponentRegistrar" />
74-->[com.google.android.gms:play-services-mlkit-text-recognition-common:19.0.0] AndroidManifest.xml:14:17-82
75            <meta-data
75-->[com.google.mlkit:vision-common:17.3.0] AndroidManifest.xml:12:13-14:85
76                android:name="com.google.firebase.components:com.google.mlkit.vision.common.internal.VisionCommonRegistrar"
76-->[com.google.mlkit:vision-common:17.3.0] AndroidManifest.xml:13:17-124
77                android:value="com.google.firebase.components.ComponentRegistrar" />
77-->[com.google.mlkit:vision-common:17.3.0] AndroidManifest.xml:14:17-82
78            <meta-data
78-->[com.google.mlkit:common:18.11.0] AndroidManifest.xml:20:13-22:85
79                android:name="com.google.firebase.components:com.google.mlkit.common.internal.CommonComponentRegistrar"
79-->[com.google.mlkit:common:18.11.0] AndroidManifest.xml:21:17-120
80                android:value="com.google.firebase.components.ComponentRegistrar" />
80-->[com.google.mlkit:common:18.11.0] AndroidManifest.xml:22:17-82
81        </service>
82
83        <provider
83-->[com.google.mlkit:common:18.11.0] AndroidManifest.xml:9:9-13:38
84            android:name="com.google.mlkit.common.internal.MlKitInitProvider"
84-->[com.google.mlkit:common:18.11.0] AndroidManifest.xml:10:13-78
85            android:authorities="com.sanki.gallery.mlkitinitprovider"
85-->[com.google.mlkit:common:18.11.0] AndroidManifest.xml:11:13-69
86            android:exported="false"
86-->[com.google.mlkit:common:18.11.0] AndroidManifest.xml:12:13-37
87            android:initOrder="99" />
87-->[com.google.mlkit:common:18.11.0] AndroidManifest.xml:13:13-35
88
89        <activity
89-->[com.google.android.gms:play-services-base:18.5.0] AndroidManifest.xml:5:9-173
90            android:name="com.google.android.gms.common.api.GoogleApiActivity"
90-->[com.google.android.gms:play-services-base:18.5.0] AndroidManifest.xml:5:19-85
91            android:exported="false"
91-->[com.google.android.gms:play-services-base:18.5.0] AndroidManifest.xml:5:146-170
92            android:theme="@android:style/Theme.Translucent.NoTitleBar" />
92-->[com.google.android.gms:play-services-base:18.5.0] AndroidManifest.xml:5:86-145
93
94        <provider
94-->[androidx.work:work-runtime:2.10.0] AndroidManifest.xml:29:9-37:20
95            android:name="androidx.startup.InitializationProvider"
95-->[androidx.work:work-runtime:2.10.0] AndroidManifest.xml:30:13-67
96            android:authorities="com.sanki.gallery.androidx-startup"
96-->[androidx.work:work-runtime:2.10.0] AndroidManifest.xml:31:13-68
97            android:exported="false" >
97-->[androidx.work:work-runtime:2.10.0] AndroidManifest.xml:32:13-37
98            <meta-data
98-->[androidx.work:work-runtime:2.10.0] AndroidManifest.xml:34:13-36:52
99                android:name="androidx.work.WorkManagerInitializer"
99-->[androidx.work:work-runtime:2.10.0] AndroidManifest.xml:35:17-68
100                android:value="androidx.startup" />
100-->[androidx.work:work-runtime:2.10.0] AndroidManifest.xml:36:17-49
101            <meta-data
101-->[androidx.emoji2:emoji2:1.4.0] AndroidManifest.xml:29:13-31:52
102                android:name="androidx.emoji2.text.EmojiCompatInitializer"
102-->[androidx.emoji2:emoji2:1.4.0] AndroidManifest.xml:30:17-75
103                android:value="androidx.startup" />
103-->[androidx.emoji2:emoji2:1.4.0] AndroidManifest.xml:31:17-49
104            <meta-data
104-->[androidx.lifecycle:lifecycle-process:2.6.2] AndroidManifest.xml:29:13-31:52
105                android:name="androidx.lifecycle.ProcessLifecycleInitializer"
105-->[androidx.lifecycle:lifecycle-process:2.6.2] AndroidManifest.xml:30:17-78
106                android:value="androidx.startup" />
106-->[androidx.lifecycle:lifecycle-process:2.6.2] AndroidManifest.xml:31:17-49
107            <meta-data
107-->[androidx.profileinstaller:profileinstaller:1.3.1] AndroidManifest.xml:29:13-31:52
108                android:name="androidx.profileinstaller.ProfileInstallerInitializer"
108-->[androidx.profileinstaller:profileinstaller:1.3.1] AndroidManifest.xml:30:17-85
109                android:value="androidx.startup" />
109-->[androidx.profileinstaller:profileinstaller:1.3.1] AndroidManifest.xml:31:17-49
110        </provider>
111
112        <service
112-->[androidx.work:work-runtime:2.10.0] AndroidManifest.xml:39:9-45:35
113            android:name="androidx.work.impl.background.systemalarm.SystemAlarmService"
113-->[androidx.work:work-runtime:2.10.0] AndroidManifest.xml:40:13-88
114            android:directBootAware="false"
114-->[androidx.work:work-runtime:2.10.0] AndroidManifest.xml:41:13-44
115            android:enabled="@bool/enable_system_alarm_service_default"
115-->[androidx.work:work-runtime:2.10.0] AndroidManifest.xml:42:13-72
116            android:exported="false" />
116-->[androidx.work:work-runtime:2.10.0] AndroidManifest.xml:43:13-37
117        <service
117-->[androidx.work:work-runtime:2.10.0] AndroidManifest.xml:46:9-52:35
118            android:name="androidx.work.impl.background.systemjob.SystemJobService"
118-->[androidx.work:work-runtime:2.10.0] AndroidManifest.xml:47:13-84
119            android:directBootAware="false"
119-->[androidx.work:work-runtime:2.10.0] AndroidManifest.xml:48:13-44
120            android:enabled="@bool/enable_system_job_service_default"
120-->[androidx.work:work-runtime:2.10.0] AndroidManifest.xml:49:13-70
121            android:exported="true"
121-->[androidx.work:work-runtime:2.10.0] AndroidManifest.xml:50:13-36
122            android:permission="android.permission.BIND_JOB_SERVICE" />
122-->[androidx.work:work-runtime:2.10.0] AndroidManifest.xml:51:13-69
123        <service
123-->[androidx.work:work-runtime:2.10.0] AndroidManifest.xml:53:9-59:35
124            android:name="androidx.work.impl.foreground.SystemForegroundService"
124-->[androidx.work:work-runtime:2.10.0] AndroidManifest.xml:54:13-81
125            android:directBootAware="false"
125-->[androidx.work:work-runtime:2.10.0] AndroidManifest.xml:55:13-44
126            android:enabled="@bool/enable_system_foreground_service_default"
126-->[androidx.work:work-runtime:2.10.0] AndroidManifest.xml:56:13-77
127            android:exported="false" />
127-->[androidx.work:work-runtime:2.10.0] AndroidManifest.xml:57:13-37
128
129        <receiver
129-->[androidx.work:work-runtime:2.10.0] AndroidManifest.xml:61:9-66:35
130            android:name="androidx.work.impl.utils.ForceStopRunnable$BroadcastReceiver"
130-->[androidx.work:work-runtime:2.10.0] AndroidManifest.xml:62:13-88
131            android:directBootAware="false"
131-->[androidx.work:work-runtime:2.10.0] AndroidManifest.xml:63:13-44
132            android:enabled="true"
132-->[androidx.work:work-runtime:2.10.0] AndroidManifest.xml:64:13-35
133            android:exported="false" />
133-->[androidx.work:work-runtime:2.10.0] AndroidManifest.xml:65:13-37
134        <receiver
134-->[androidx.work:work-runtime:2.10.0] AndroidManifest.xml:67:9-77:20
135            android:name="androidx.work.impl.background.systemalarm.ConstraintProxy$BatteryChargingProxy"
135-->[androidx.work:work-runtime:2.10.0] AndroidManifest.xml:68:13-106
136            android:directBootAware="false"
136-->[androidx.work:work-runtime:2.10.0] AndroidManifest.xml:69:13-44
137            android:enabled="false"
137-->[androidx.work:work-runtime:2.10.0] AndroidManifest.xml:70:13-36
138            android:exported="false" >
138-->[androidx.work:work-runtime:2.10.0] AndroidManifest.xml:71:13-37
139            <intent-filter>
139-->[androidx.work:work-runtime:2.10.0] AndroidManifest.xml:73:13-76:29
140                <action android:name="android.intent.action.ACTION_POWER_CONNECTED" />
140-->[androidx.work:work-runtime:2.10.0] AndroidManifest.xml:74:17-87
140-->[androidx.work:work-runtime:2.10.0] AndroidManifest.xml:74:25-84
141                <action android:name="android.intent.action.ACTION_POWER_DISCONNECTED" />
141-->[androidx.work:work-runtime:2.10.0] AndroidManifest.xml:75:17-90
141-->[androidx.work:work-runtime:2.10.0] AndroidManifest.xml:75:25-87
142            </intent-filter>
143        </receiver>
144        <receiver
144-->[androidx.work:work-runtime:2.10.0] AndroidManifest.xml:78:9-88:20
145            android:name="androidx.work.impl.background.systemalarm.ConstraintProxy$BatteryNotLowProxy"
145-->[androidx.work:work-runtime:2.10.0] AndroidManifest.xml:79:13-104
146            android:directBootAware="false"
146-->[androidx.work:work-runtime:2.10.0] AndroidManifest.xml:80:13-44
147            android:enabled="false"
147-->[androidx.work:work-runtime:2.10.0] AndroidManifest.xml:81:13-36
148            android:exported="false" >
148-->[androidx.work:work-runtime:2.10.0] AndroidManifest.xml:82:13-37
149            <intent-filter>
149-->[androidx.work:work-runtime:2.10.0] AndroidManifest.xml:84:13-87:29
150                <action android:name="android.intent.action.BATTERY_OKAY" />
150-->[androidx.work:work-runtime:2.10.0] AndroidManifest.xml:85:17-77
150-->[androidx.work:work-runtime:2.10.0] AndroidManifest.xml:85:25-74
151                <action android:name="android.intent.action.BATTERY_LOW" />
151-->[androidx.work:work-runtime:2.10.0] AndroidManifest.xml:86:17-76
151-->[androidx.work:work-runtime:2.10.0] AndroidManifest.xml:86:25-73
152            </intent-filter>
153        </receiver>
154        <receiver
154-->[androidx.work:work-runtime:2.10.0] AndroidManifest.xml:89:9-99:20
155            android:name="androidx.work.impl.background.systemalarm.ConstraintProxy$StorageNotLowProxy"
155-->[androidx.work:work-runtime:2.10.0] AndroidManifest.xml:90:13-104
156            android:directBootAware="false"
156-->[androidx.work:work-runtime:2.10.0] AndroidManifest.xml:91:13-44
157            android:enabled="false"
157-->[androidx.work:work-runtime:2.10.0] AndroidManifest.xml:92:13-36
158            android:exported="false" >
158-->[androidx.work:work-runtime:2.10.0] AndroidManifest.xml:93:13-37
159            <intent-filter>
159-->[androidx.work:work-runtime:2.10.0] AndroidManifest.xml:95:13-98:29
160                <action android:name="android.intent.action.DEVICE_STORAGE_LOW" />
160-->[androidx.work:work-runtime:2.10.0] AndroidManifest.xml:96:17-83
160-->[androidx.work:work-runtime:2.10.0] AndroidManifest.xml:96:25-80
161                <action android:name="android.intent.action.DEVICE_STORAGE_OK" />
161-->[androidx.work:work-runtime:2.10.0] AndroidManifest.xml:97:17-82
161-->[androidx.work:work-runtime:2.10.0] AndroidManifest.xml:97:25-79
162            </intent-filter>
163        </receiver>
164        <receiver
164-->[androidx.work:work-runtime:2.10.0] AndroidManifest.xml:100:9-109:20
165            android:name="androidx.work.impl.background.systemalarm.ConstraintProxy$NetworkStateProxy"
165-->[androidx.work:work-runtime:2.10.0] AndroidManifest.xml:101:13-103
166            android:directBootAware="false"
166-->[androidx.work:work-runtime:2.10.0] AndroidManifest.xml:102:13-44
167            android:enabled="false"
167-->[androidx.work:work-runtime:2.10.0] AndroidManifest.xml:103:13-36
168            android:exported="false" >
168-->[androidx.work:work-runtime:2.10.0] AndroidManifest.xml:104:13-37
169            <intent-filter>
169-->[androidx.work:work-runtime:2.10.0] AndroidManifest.xml:106:13-108:29
170                <action android:name="android.net.conn.CONNECTIVITY_CHANGE" />
170-->[androidx.work:work-runtime:2.10.0] AndroidManifest.xml:107:17-79
170-->[androidx.work:work-runtime:2.10.0] AndroidManifest.xml:107:25-76
171            </intent-filter>
172        </receiver>
173        <receiver
173-->[androidx.work:work-runtime:2.10.0] AndroidManifest.xml:110:9-121:20
174            android:name="androidx.work.impl.background.systemalarm.RescheduleReceiver"
174-->[androidx.work:work-runtime:2.10.0] AndroidManifest.xml:111:13-88
175            android:directBootAware="false"
175-->[androidx.work:work-runtime:2.10.0] AndroidManifest.xml:112:13-44
176            android:enabled="false"
176-->[androidx.work:work-runtime:2.10.0] AndroidManifest.xml:113:13-36
177            android:exported="false" >
177-->[androidx.work:work-runtime:2.10.0] AndroidManifest.xml:114:13-37
178            <intent-filter>
178-->[androidx.work:work-runtime:2.10.0] AndroidManifest.xml:116:13-120:29
179                <action android:name="android.intent.action.BOOT_COMPLETED" />
179-->[androidx.work:work-runtime:2.10.0] AndroidManifest.xml:117:17-79
179-->[androidx.work:work-runtime:2.10.0] AndroidManifest.xml:117:25-76
180                <action android:name="android.intent.action.TIME_SET" />
180-->[androidx.work:work-runtime:2.10.0] AndroidManifest.xml:118:17-73
180-->[androidx.work:work-runtime:2.10.0] AndroidManifest.xml:118:25-70
181                <action android:name="android.intent.action.TIMEZONE_CHANGED" />
181-->[androidx.work:work-runtime:2.10.0] AndroidManifest.xml:119:17-81
181-->[androidx.work:work-runtime:2.10.0] AndroidManifest.xml:119:25-78
182            </intent-filter>
183        </receiver>
184        <receiver
184-->[androidx.work:work-runtime:2.10.0] AndroidManifest.xml:122:9-131:20
185            android:name="androidx.work.impl.background.systemalarm.ConstraintProxyUpdateReceiver"
185-->[androidx.work:work-runtime:2.10.0] AndroidManifest.xml:123:13-99
186            android:directBootAware="false"
186-->[androidx.work:work-runtime:2.10.0] AndroidManifest.xml:124:13-44
187            android:enabled="@bool/enable_system_alarm_service_default"
187-->[androidx.work:work-runtime:2.10.0] AndroidManifest.xml:125:13-72
188            android:exported="false" >
188-->[androidx.work:work-runtime:2.10.0] AndroidManifest.xml:126:13-37
189            <intent-filter>
189-->[androidx.work:work-runtime:2.10.0] AndroidManifest.xml:128:13-130:29
190                <action android:name="androidx.work.impl.background.systemalarm.UpdateProxies" />
190-->[androidx.work:work-runtime:2.10.0] AndroidManifest.xml:129:17-98
190-->[androidx.work:work-runtime:2.10.0] AndroidManifest.xml:129:25-95
191            </intent-filter>
192        </receiver>
193        <receiver
193-->[androidx.work:work-runtime:2.10.0] AndroidManifest.xml:132:9-142:20
194            android:name="androidx.work.impl.diagnostics.DiagnosticsReceiver"
194-->[androidx.work:work-runtime:2.10.0] AndroidManifest.xml:133:13-78
195            android:directBootAware="false"
195-->[androidx.work:work-runtime:2.10.0] AndroidManifest.xml:134:13-44
196            android:enabled="true"
196-->[androidx.work:work-runtime:2.10.0] AndroidManifest.xml:135:13-35
197            android:exported="true"
197-->[androidx.work:work-runtime:2.10.0] AndroidManifest.xml:136:13-36
198            android:permission="android.permission.DUMP" >
198-->[androidx.work:work-runtime:2.10.0] AndroidManifest.xml:137:13-57
199            <intent-filter>
199-->[androidx.work:work-runtime:2.10.0] AndroidManifest.xml:139:13-141:29
200                <action android:name="androidx.work.diagnostics.REQUEST_DIAGNOSTICS" />
200-->[androidx.work:work-runtime:2.10.0] AndroidManifest.xml:140:17-88
200-->[androidx.work:work-runtime:2.10.0] AndroidManifest.xml:140:25-85
201            </intent-filter>
202        </receiver>
203
204        <service
204-->[androidx.room:room-runtime:2.6.1] AndroidManifest.xml:24:9-28:63
205            android:name="androidx.room.MultiInstanceInvalidationService"
205-->[androidx.room:room-runtime:2.6.1] AndroidManifest.xml:25:13-74
206            android:directBootAware="true"
206-->[androidx.room:room-runtime:2.6.1] AndroidManifest.xml:26:13-43
207            android:exported="false" />
207-->[androidx.room:room-runtime:2.6.1] AndroidManifest.xml:27:13-37
208
209        <meta-data
209-->[com.google.android.gms:play-services-basement:18.4.0] AndroidManifest.xml:6:9-122
210            android:name="com.google.android.gms.version"
210-->[com.google.android.gms:play-services-basement:18.4.0] AndroidManifest.xml:6:20-65
211            android:value="@integer/google_play_services_version" />
211-->[com.google.android.gms:play-services-basement:18.4.0] AndroidManifest.xml:6:66-119
212
213        <service
213-->[com.google.android.datatransport:transport-backend-cct:2.3.3] AndroidManifest.xml:29:9-35:19
214            android:name="com.google.android.datatransport.runtime.backends.TransportBackendDiscovery"
214-->[com.google.android.datatransport:transport-backend-cct:2.3.3] AndroidManifest.xml:30:13-103
215            android:exported="false" >
215-->[com.google.android.datatransport:transport-backend-cct:2.3.3] AndroidManifest.xml:31:13-37
216            <meta-data
216-->[com.google.android.datatransport:transport-backend-cct:2.3.3] AndroidManifest.xml:32:13-34:39
217                android:name="backend:com.google.android.datatransport.cct.CctBackendFactory"
217-->[com.google.android.datatransport:transport-backend-cct:2.3.3] AndroidManifest.xml:33:17-94
218                android:value="cct" />
218-->[com.google.android.datatransport:transport-backend-cct:2.3.3] AndroidManifest.xml:34:17-36
219        </service>
220        <service
220-->[com.google.android.datatransport:transport-runtime:2.2.6] AndroidManifest.xml:26:9-30:19
221            android:name="com.google.android.datatransport.runtime.scheduling.jobscheduling.JobInfoSchedulerService"
221-->[com.google.android.datatransport:transport-runtime:2.2.6] AndroidManifest.xml:27:13-117
222            android:exported="false"
222-->[com.google.android.datatransport:transport-runtime:2.2.6] AndroidManifest.xml:28:13-37
223            android:permission="android.permission.BIND_JOB_SERVICE" >
223-->[com.google.android.datatransport:transport-runtime:2.2.6] AndroidManifest.xml:29:13-69
224        </service>
225
226        <receiver
226-->[com.google.android.datatransport:transport-runtime:2.2.6] AndroidManifest.xml:32:9-34:40
227            android:name="com.google.android.datatransport.runtime.scheduling.jobscheduling.AlarmManagerSchedulerBroadcastReceiver"
227-->[com.google.android.datatransport:transport-runtime:2.2.6] AndroidManifest.xml:33:13-132
228            android:exported="false" />
228-->[com.google.android.datatransport:transport-runtime:2.2.6] AndroidManifest.xml:34:13-37
229        <receiver
229-->[androidx.profileinstaller:profileinstaller:1.3.1] AndroidManifest.xml:34:9-52:20
230            android:name="androidx.profileinstaller.ProfileInstallReceiver"
230-->[androidx.profileinstaller:profileinstaller:1.3.1] AndroidManifest.xml:35:13-76
231            android:directBootAware="false"
231-->[androidx.profileinstaller:profileinstaller:1.3.1] AndroidManifest.xml:36:13-44
232            android:enabled="true"
232-->[androidx.profileinstaller:profileinstaller:1.3.1] AndroidManifest.xml:37:13-35
233            android:exported="true"
233-->[androidx.profileinstaller:profileinstaller:1.3.1] AndroidManifest.xml:38:13-36
234            android:permission="android.permission.DUMP" >
234-->[androidx.profileinstaller:profileinstaller:1.3.1] AndroidManifest.xml:39:13-57
235            <intent-filter>
235-->[androidx.profileinstaller:profileinstaller:1.3.1] AndroidManifest.xml:40:13-42:29
236                <action android:name="androidx.profileinstaller.action.INSTALL_PROFILE" />
236-->[androidx.profileinstaller:profileinstaller:1.3.1] AndroidManifest.xml:41:17-91
236-->[androidx.profileinstaller:profileinstaller:1.3.1] AndroidManifest.xml:41:25-88
237            </intent-filter>
238            <intent-filter>
238-->[androidx.profileinstaller:profileinstaller:1.3.1] AndroidManifest.xml:43:13-45:29
239                <action android:name="androidx.profileinstaller.action.SKIP_FILE" />
239-->[androidx.profileinstaller:profileinstaller:1.3.1] AndroidManifest.xml:44:17-85
239-->[androidx.profileinstaller:profileinstaller:1.3.1] AndroidManifest.xml:44:25-82
240            </intent-filter>
241            <intent-filter>
241-->[androidx.profileinstaller:profileinstaller:1.3.1] AndroidManifest.xml:46:13-48:29
242                <action android:name="androidx.profileinstaller.action.SAVE_PROFILE" />
242-->[androidx.profileinstaller:profileinstaller:1.3.1] AndroidManifest.xml:47:17-88
242-->[androidx.profileinstaller:profileinstaller:1.3.1] AndroidManifest.xml:47:25-85
243            </intent-filter>
244            <intent-filter>
244-->[androidx.profileinstaller:profileinstaller:1.3.1] AndroidManifest.xml:49:13-51:29
245                <action android:name="androidx.profileinstaller.action.BENCHMARK_OPERATION" />
245-->[androidx.profileinstaller:profileinstaller:1.3.1] AndroidManifest.xml:50:17-95
245-->[androidx.profileinstaller:profileinstaller:1.3.1] AndroidManifest.xml:50:25-92
246            </intent-filter>
247        </receiver>
248    </application>
249
250</manifest>